[
  {
    "line": 3,
    "elements": [
      {
        "line": 5,
        "name": "",
        "description": "",
        "type": "background",
        "keyword": "Background",
        "steps": [
          {
            "result": {
              "duration": 3549794700,
              "status": "passed"
            },
            "line": 6,
            "name": "open browser",
            "match": {
              "location": "StepDef.open_browser()"
            },
            "keyword": "Given "
          },
          {
            "result": {
              "duration": 1140058700,
              "status": "passed"
            },
            "line": 7,
            "name": "go to para bank application",
            "match": {
              "location": "StepDef.go_to_para_bank_application()"
            },
            "keyword": "And "
          }
        ]
      },
      {
        "start_timestamp": "2024-11-02T01:57:17.447Z",
        "line": 10,
        "name": "As parabank user, login should success with valid credential",
        "description": "",
        "id": "login-function-test;as-parabank-user--login-should-success-with-valid-credential",
        "type": "scenario",
        "keyword": "Scenario",
        "steps": [
          {
            "result": {
              "duration": 117784900,
              "status": "passed"
            },
            "line": 12,
            "name": "put valid username",
            "match": {
              "location": "StepDef.put_valid_username()"
            },
            "keyword": "When "
          },
          {
            "result": {
              "duration": 80989600,
              "status": "passed"
            },
            "line": 13,
            "name": "put valid password",
            "match": {
              "location": "StepDef.put_valid_password()"
            },
            "keyword": "And "
          },
          {
            "result": {
              "duration": 682256600,
              "status": "passed"
            },
            "line": 14,
            "name": "click login button",
            "match": {
              "location": "StepDef.click_login_button()"
            },
            "keyword": "And "
          },
          {
            "result": {
              "error_message": "org.openqa.selenium.NoSuchElementException: no such element: Unable to locate element: {\"method\":\"xpath\",\"selector\":\"//*[text()\u003d\u0027Log Out\u0027]\"}\n  (Session info: chrome\u003d130.0.6723.92)\nFor documentation on this error, please visit: https://www.selenium.dev/documentation/webdriver/troubleshooting/errors#no-such-element-exception\nBuild info: version: \u00274.25.0\u0027, revision: \u00278a8aea2337\u0027\nSystem info: os.name: \u0027Windows 10\u0027, os.arch: \u0027amd64\u0027, os.version: \u002710.0\u0027, java.version: \u002723\u0027\nDriver info: org.openqa.selenium.chrome.ChromeDriver\nCommand: [6833bdb550ec94e0f447cae4a7f3fb7d, findElement {using\u003dxpath, value\u003d//*[text()\u003d\u0027Log Out\u0027]}]\nCapabilities {acceptInsecureCerts: false, browserName: chrome, browserVersion: 130.0.6723.92, chrome: {chromedriverVersion: 130.0.6723.91 (53ac07678369..., userDataDir: C:\\Users\\19298\\AppData\\Loca...}, fedcm:accounts: true, goog:chromeOptions: {debuggerAddress: localhost:56570}, networkConnectionEnabled: false, pageLoadStrategy: normal, platformName: windows, proxy: Proxy(), se:cdp: ws://localhost:56570/devtoo..., se:cdpVersion: 130.0.6723.92, setWindowRect: true, strictFileInteractability: false, timeouts: {implicit: 0, pageLoad: 300000, script: 30000}, unhandledPromptBehavior: dismiss and notify, webauthn:extension:credBlob: true, webauthn:extension:largeBlob: true, webauthn:extension:minPinLength: true, webauthn:extension:prf: true, webauthn:virtualAuthenticators: true}\nSession ID: 6833bdb550ec94e0f447cae4a7f3fb7d\r\n\tat java.base/jdk.internal.reflect.DirectConstructorHandleAccessor.newInstance(DirectConstructorHandleAccessor.java:62)\r\n\tat java.base/java.lang.reflect.Constructor.newInstanceWithCaller(Constructor.java:501)\r\n\tat java.base/java.lang.reflect.Constructor.newInstance(Constructor.java:485)\r\n\tat org.openqa.selenium.remote.ErrorCodec.decode(ErrorCodec.java:167)\r\n\tat org.openqa.selenium.remote.codec.w3c.W3CHttpResponseCodec.decode(W3CHttpResponseCodec.java:138)\r\n\tat org.openqa.selenium.remote.codec.w3c.W3CHttpResponseCodec.decode(W3CHttpResponseCodec.java:50)\r\n\tat org.openqa.selenium.remote.HttpCommandExecutor.execute(HttpCommandExecutor.java:190)\r\n\tat org.openqa.selenium.remote.service.DriverCommandExecutor.invokeExecute(DriverCommandExecutor.java:216)\r\n\tat org.openqa.selenium.remote.service.DriverCommandExecutor.execute(DriverCommandExecutor.java:174)\r\n\tat org.openqa.selenium.remote.RemoteWebDriver.execute(RemoteWebDriver.java:545)\r\n\tat org.openqa.selenium.remote.ElementLocation$ElementFinder$2.findElement(ElementLocation.java:165)\r\n\tat org.openqa.selenium.remote.ElementLocation.findElement(ElementLocation.java:59)\r\n\tat org.openqa.selenium.remote.RemoteWebDriver.findElement(RemoteWebDriver.java:368)\r\n\tat org.openqa.selenium.remote.RemoteWebDriver.findElement(RemoteWebDriver.java:362)\r\n\tat org.openqa.selenium.support.pagefactory.DefaultElementLocator.findElement(DefaultElementLocator.java:68)\r\n\tat org.openqa.selenium.support.pagefactory.internal.LocatingElementHandler.invoke(LocatingElementHandler.java:38)\r\n\tat jdk.proxy2/jdk.proxy2.$Proxy21.isDisplayed(Unknown Source)\r\n\tat com.generic.StepDef.login_should_pass_logout_button_should_visible(StepDef.java:58)\r\n\tat ✽.login should pass logout button should visible(file:src/main/resources/parabanklogin.feature:15)\r\n",
              "duration": 5090180400,
              "status": "failed"
            },
            "line": 15,
            "name": "login should pass logout button should visible",
            "match": {
              "location": "StepDef.login_should_pass_logout_button_should_visible()"
            },
            "keyword": "Then "
          }
        ],
        "tags": [
          {
            "name": "@Smoke"
          },
          {
            "name": "@Regression"
          },
          {
            "name": "@Functional"
          },
          {
            "name": "@Positive"
          },
          {
            "name": "@TC-12"
          }
        ]
      },
      {
        "line": 5,
        "name": "",
        "description": "",
        "type": "background",
        "keyword": "Background",
        "steps": [
          {
            "result": {
              "duration": 3214550800,
              "status": "passed"
            },
            "line": 6,
            "name": "open browser",
            "match": {
              "location": "StepDef.open_browser()"
            },
            "keyword": "Given "
          },
          {
            "result": {
              "duration": 474449800,
              "status": "passed"
            },
            "line": 7,
            "name": "go to para bank application",
            "match": {
              "location": "StepDef.go_to_para_bank_application()"
            },
            "keyword": "And "
          }
        ]
      },
      {
        "start_timestamp": "2024-11-02T01:57:28.126Z",
        "line": 19,
        "name": "As parabank user, login should fail with invalid credential",
        "description": "",
        "id": "login-function-test;as-parabank-user--login-should-fail-with-invalid-credential",
        "type": "scenario",
        "keyword": "Scenario",
        "steps": [
          {
            "result": {
              "duration": 983365500,
              "status": "passed"
            },
            "line": 21,
            "name": "put invalid username",
            "match": {
              "location": "StepDef.put_invalid_username()"
            },
            "keyword": "When "
          },
          {
            "result": {
              "duration": 153537300,
              "status": "passed"
            },
            "line": 22,
            "name": "put invalid password",
            "match": {
              "location": "StepDef.put_invalid_password()"
            },
            "keyword": "And "
          },
          {
            "result": {
              "duration": 919763800,
              "status": "passed"
            },
            "line": 23,
            "name": "click login button",
            "match": {
              "location": "StepDef.click_login_button()"
            },
            "keyword": "And "
          },
          {
            "result": {
              "duration": 601870100,
              "status": "passed"
            },
            "line": 24,
            "name": "login should fail and error msg contains an internal error has occured and has been logged",
            "match": {
              "location": "StepDef.login_should_fail_and_error_msg_contains_an_internal_error_has_occured_and_has_been_logged()"
            },
            "keyword": "Then "
          }
        ],
        "tags": [
          {
            "name": "@Smoke"
          },
          {
            "name": "@Regression"
          },
          {
            "name": "@Functional"
          },
          {
            "name": "@Negative"
          },
          {
            "name": "@TC-13"
          }
        ]
      },
      {
        "line": 5,
        "name": "",
        "description": "",
        "type": "background",
        "keyword": "Background",
        "steps": [
          {
            "result": {
              "duration": 3095033500,
              "status": "passed"
            },
            "line": 6,
            "name": "open browser",
            "match": {
              "location": "StepDef.open_browser()"
            },
            "keyword": "Given "
          },
          {
            "result": {
              "duration": 342614900,
              "status": "passed"
            },
            "line": 7,
            "name": "go to para bank application",
            "match": {
              "location": "StepDef.go_to_para_bank_application()"
            },
            "keyword": "And "
          }
        ]
      },
      {
        "start_timestamp": "2024-11-02T01:57:34.479Z",
        "line": 27,
        "name": "As parabank user, login should fail with null credential",
        "description": "",
        "id": "login-function-test;as-parabank-user--login-should-fail-with-null-credential",
        "type": "scenario",
        "keyword": "Scenario",
        "steps": [
          {
            "result": {
              "duration": 891498100,
              "status": "passed"
            },
            "line": 29,
            "name": "put null username",
            "match": {
              "location": "StepDef.put_null_username()"
            },
            "keyword": "When "
          },
          {
            "result": {
              "duration": 116097900,
              "status": "passed"
            },
            "line": 30,
            "name": "put null password",
            "match": {
              "location": "StepDef.put_null_password()"
            },
            "keyword": "And "
          },
          {
            "result": {
              "duration": 432653700,
              "status": "passed"
            },
            "line": 31,
            "name": "click login button",
            "match": {
              "location": "StepDef.click_login_button()"
            },
            "keyword": "And "
          },
          {
            "result": {
              "error_message": "org.openqa.selenium.NoSuchElementException: no such element: Unable to locate element: {\"method\":\"xpath\",\"selector\":\"//*[text()\u003d\u0027The username and password could not be verified.\u0027]\"}\n  (Session info: chrome\u003d130.0.6723.92)\nFor documentation on this error, please visit: https://www.selenium.dev/documentation/webdriver/troubleshooting/errors#no-such-element-exception\nBuild info: version: \u00274.25.0\u0027, revision: \u00278a8aea2337\u0027\nSystem info: os.name: \u0027Windows 10\u0027, os.arch: \u0027amd64\u0027, os.version: \u002710.0\u0027, java.version: \u002723\u0027\nDriver info: org.openqa.selenium.chrome.ChromeDriver\nCommand: [e3a12c8a4a01832532e981f9350f6ffe, findElement {using\u003dxpath, value\u003d//*[text()\u003d\u0027The username and password could not be verified.\u0027]}]\nCapabilities {acceptInsecureCerts: false, browserName: chrome, browserVersion: 130.0.6723.92, chrome: {chromedriverVersion: 130.0.6723.91 (53ac07678369..., userDataDir: C:\\Users\\19298\\AppData\\Loca...}, fedcm:accounts: true, goog:chromeOptions: {debuggerAddress: localhost:56628}, networkConnectionEnabled: false, pageLoadStrategy: normal, platformName: windows, proxy: Proxy(), se:cdp: ws://localhost:56628/devtoo..., se:cdpVersion: 130.0.6723.92, setWindowRect: true, strictFileInteractability: false, timeouts: {implicit: 0, pageLoad: 300000, script: 30000}, unhandledPromptBehavior: dismiss and notify, webauthn:extension:credBlob: true, webauthn:extension:largeBlob: true, webauthn:extension:minPinLength: true, webauthn:extension:prf: true, webauthn:virtualAuthenticators: true}\nSession ID: e3a12c8a4a01832532e981f9350f6ffe\r\n\tat java.base/jdk.internal.reflect.DirectConstructorHandleAccessor.newInstance(DirectConstructorHandleAccessor.java:62)\r\n\tat java.base/java.lang.reflect.Constructor.newInstanceWithCaller(Constructor.java:501)\r\n\tat java.base/java.lang.reflect.Constructor.newInstance(Constructor.java:485)\r\n\tat org.openqa.selenium.remote.ErrorCodec.decode(ErrorCodec.java:167)\r\n\tat org.openqa.selenium.remote.codec.w3c.W3CHttpResponseCodec.decode(W3CHttpResponseCodec.java:138)\r\n\tat org.openqa.selenium.remote.codec.w3c.W3CHttpResponseCodec.decode(W3CHttpResponseCodec.java:50)\r\n\tat org.openqa.selenium.remote.HttpCommandExecutor.execute(HttpCommandExecutor.java:190)\r\n\tat org.openqa.selenium.remote.service.DriverCommandExecutor.invokeExecute(DriverCommandExecutor.java:216)\r\n\tat org.openqa.selenium.remote.service.DriverCommandExecutor.execute(DriverCommandExecutor.java:174)\r\n\tat org.openqa.selenium.remote.RemoteWebDriver.execute(RemoteWebDriver.java:545)\r\n\tat org.openqa.selenium.remote.ElementLocation$ElementFinder$2.findElement(ElementLocation.java:165)\r\n\tat org.openqa.selenium.remote.ElementLocation.findElement(ElementLocation.java:59)\r\n\tat org.openqa.selenium.remote.RemoteWebDriver.findElement(RemoteWebDriver.java:368)\r\n\tat org.openqa.selenium.remote.RemoteWebDriver.findElement(RemoteWebDriver.java:362)\r\n\tat org.openqa.selenium.support.pagefactory.DefaultElementLocator.findElement(DefaultElementLocator.java:68)\r\n\tat org.openqa.selenium.support.pagefactory.internal.LocatingElementHandler.invoke(LocatingElementHandler.java:38)\r\n\tat jdk.proxy2/jdk.proxy2.$Proxy21.isDisplayed(Unknown Source)\r\n\tat com.generic.StepDef.login_should_fail_and_error_msg_contains_please_enter_a_username_and_password(StepDef.java:96)\r\n\tat ✽.login should fail and error msg contains please enter a username and password(file:src/main/resources/parabanklogin.feature:32)\r\n",
              "duration": 5094303200,
              "status": "failed"
            },
            "line": 32,
            "name": "login should fail and error msg contains please enter a username and password",
            "match": {
              "location": "StepDef.login_should_fail_and_error_msg_contains_please_enter_a_username_and_password()"
            },
            "keyword": "Then "
          }
        ],
        "tags": [
          {
            "name": "@Smoke"
          },
          {
            "name": "@Regression"
          },
          {
            "name": "@Functional"
          },
          {
            "name": "@Negative"
          },
          {
            "name": "@TC-14"
          }
        ]
      }
    ],
    "name": "login function test",
    "description": "",
    "id": "login-function-test",
    "keyword": "Feature",
    "uri": "file:src/main/resources/parabanklogin.feature",
    "tags": [
      {
        "name": "@Smoke",
        "type": "Tag",
        "location": {
          "line": 2,
          "column": 1
        }
      },
      {
        "name": "@Regression",
        "type": "Tag",
        "location": {
          "line": 2,
          "column": 8
        }
      },
      {
        "name": "@Functional",
        "type": "Tag",
        "location": {
          "line": 2,
          "column": 20
        }
      }
    ]
  }
]